<?xml version="1.0" encoding="UTF-8"?>
<!-- Generated by org.testng.reporters.JUnitReportReporter -->
<testsuite hostname="Prasannakumar" failures="0" tests="4" name="demoscript.B" time="0.004" errors="0" timestamp="03 Jul 2024 15:14:28 GMT" skipped="0">
  <testcase classname="demoscript.B" name="m6" time="0.001"/>
  <testcase classname="demoscript.B" name="m7" time="0.001"/>
  <testcase classname="demoscript.B" name="m5" time="0.001"/>
  <testcase classname="demoscript.B" name="m8" time="0.001"/>
</testsuite> <!-- demoscript.B -->
