<?xml version="1.0" encoding="UTF-8"?>
<!-- Generated by org.testng.reporters.JUnitReportReporter -->
<testsuite hostname="Prasannakumar" failures="0" tests="4" name="demoscript.A" time="0.012" errors="0" timestamp="03 Jul 2024 15:14:28 GMT" skipped="0">
  <testcase classname="demoscript.A" name="m2" time="0.008"/>
  <testcase classname="demoscript.A" name="m3" time="0.001"/>
  <testcase classname="demoscript.A" name="m4" time="0.002"/>
  <testcase classname="demoscript.A" name="m1" time="0.001"/>
</testsuite> <!-- demoscript.A -->
