<?xml version="1.0" encoding="UTF-8"?>
<!-- Generated by org.testng.reporters.JUnitReportReporter -->
<testsuite hostname="Prasannakumar" failures="0" tests="2" name="testpages.WebtableHadling" time="0.089" errors="0" timestamp="03 Jul 2024 15:02:08 GMT" skipped="0">
  <testcase classname="testpages.WebtableHadling" name="gettablebodyCellValue" time="0.036"/>
  <testcase classname="testpages.WebtableHadling" name="gettableHeaderCellValue" time="0.053"/>
</testsuite> <!-- testpages.WebtableHadling -->
