<?xml version="1.0" encoding="UTF-8"?>
<!-- Generated by org.testng.reporters.JUnitReportReporter -->
<testsuite hostname="Prasannakumar" failures="0" tests="1" name="testpages.LoginFunctionality" time="10.643" errors="0" timestamp="03 Jul 2024 15:02:08 GMT" skipped="0">
  <testcase classname="testpages.LoginFunctionality" name="verify_Login_withvalid_Data" time="10.643"/>
</testsuite> <!-- testpages.LoginFunctionality -->
