<?xml version="1.0" encoding="UTF-8"?>
<!-- Generated by org.testng.reporters.JUnitReportReporter -->
<testsuite hostname="Prasannakumar" failures="0" tests="2" name="demoscript.C" time="0.001" errors="0" timestamp="03 Jul 2024 15:14:28 GMT" skipped="0">
  <testcase classname="demoscript.C" name="m10" time="0.001"/>
  <testcase classname="demoscript.C" name="m9" time="0.000"/>
</testsuite> <!-- demoscript.C -->
