<?xml version="1.0" encoding="UTF-8"?>
<!-- Generated by org.testng.reporters.JUnitReportReporter -->
<testsuite hostname="Prasannakumar" failures="0" tests="2" name="testpage.LoginTestpage" time="14.417" errors="0" timestamp="08 Sept 2024 07:25:53 GMT" skipped="0">
  <testcase classname="testpage.LoginTestpage" name="verifylogin" time="5.820"/>
  <testcase classname="testpage.LoginTestpage" name="verifylogin" time="8.597"/>
</testsuite> <!-- testpage.LoginTestpage -->
