<?xml version="1.0" encoding="UTF-8"?>
<!-- Generated by org.testng.reporters.JUnitReportReporter -->
<testsuite hostname="Prasannakumar" failures="0" tests="4" name="testpages.democlass" time="0.004" errors="0" timestamp="03 Jul 2024 15:02:08 GMT" skipped="0">
  <testcase classname="testpages.democlass" name="C" time="0.001"/>
  <testcase classname="testpages.democlass" name="B" time="0.002"/>
  <testcase classname="testpages.democlass" name="A" time="0.000"/>
  <testcase classname="testpages.democlass" name="D" time="0.001"/>
</testsuite> <!-- testpages.democlass -->
